{"/Users/zxc/JS/todo_minbox/mindox/src/actions/todoActions.ts": {"path":"/Users/zxc/JS/todo_minbox/mindox/src/actions/todoActions.ts","statementMap":{"0":{"start":{"line":3,"column":0},"end":{"line":3,"column":null}},"1":{"start":{"line":4,"column":2},"end":{"line":4,"column":null}},"2":{"start":{"line":5,"column":2},"end":{"line":5,"column":null}},"3":{"start":{"line":6,"column":2},"end":{"line":6,"column":null}}},"fnMap":{"0":{"name":"(anonymous_0)","decl":{"start":{"line":3,"column":0},"end":{"line":3,"column":12}},"loc":{"start":{"line":3,"column":22},"end":{"line":7,"column":1}}}},"branchMap":{"0":{"loc":{"start":{"line":3,"column":12},"end":{"line":3,"column":null}},"type":"binary-expr","locations":[{"start":{"line":3,"column":12},"end":{"line":3,"column":22}},{"start":{"line":3,"column":12},"end":{"line":3,"column":null}}]}},"s":{"0":1,"1":1,"2":1,"3":1},"f":{"0":1},"b":{"0":[1,1]}}
,"/Users/zxc/JS/todo_minbox/mindox/src/components/Input/Input.tsx": {"path":"/Users/zxc/JS/todo_minbox/mindox/src/components/Input/Input.tsx","statementMap":{"0":{"start":{"line":1,"column":0},"end":{"line":1,"column":55}},"1":{"start":{"line":3,"column":14},"end":{"line":30,"column":1}},"2":{"start":{"line":4,"column":16},"end":{"line":4,"column":null}},"3":{"start":{"line":8,"column":8},"end":{"line":8,"column":39}},"4":{"start":{"line":8,"column":13},"end":{"line":8,"column":15}},"5":{"start":{"line":8,"column":22},"end":{"line":8,"column":26}},"6":{"start":{"line":9,"column":25},"end":{"line":15,"column":3}},"7":{"start":{"line":10,"column":4},"end":{"line":14,"column":null}},"8":{"start":{"line":11,"column":6},"end":{"line":11,"column":43}},"9":{"start":{"line":11,"column":36},"end":{"line":11,"column":43}},"10":{"start":{"line":12,"column":6},"end":{"line":12,"column":27}},"11":{"start":{"line":13,"column":6},"end":{"line":13,"column":18}},"12":{"start":{"line":17,"column":2},"end":{"line":29,"column":4}},"13":{"start":{"line":23,"column":25},"end":{"line":23,"column":null}},"14":{"start":{"line":24,"column":26},"end":{"line":24,"column":null}},"15":{"start":{"line":32,"column":0},"end":{"line":32,"column":21}}},"fnMap":{"0":{"name":"(anonymous_7)","decl":{"start":{"line":3,"column":14},"end":{"line":3,"column":15}},"loc":{"start":{"line":7,"column":1},"end":{"line":30,"column":1}}},"1":{"name":"(anonymous_8)","decl":{"start":{"line":9,"column":25},"end":{"line":9,"column":26}},"loc":{"start":{"line":9,"column":60},"end":{"line":15,"column":3}}},"2":{"name":"(anonymous_9)","decl":{"start":{"line":23,"column":18},"end":{"line":23,"column":19}},"loc":{"start":{"line":23,"column":20},"end":{"line":23,"column":32}}},"3":{"name":"(anonymous_10)","decl":{"start":{"line":24,"column":19},"end":{"line":24,"column":20}},"loc":{"start":{"line":24,"column":21},"end":{"line":24,"column":40}}}},"branchMap":{"0":{"loc":{"start":{"line":10,"column":4},"end":{"line":14,"column":null}},"type":"if","locations":[{"start":{"line":10,"column":4},"end":{"line":14,"column":null}}]},"1":{"loc":{"start":{"line":11,"column":6},"end":{"line":11,"column":43}},"type":"if","locations":[{"start":{"line":11,"column":6},"end":{"line":11,"column":43}}]}},"s":{"0":1,"1":1,"2":4,"3":4,"4":4,"5":4,"6":4,"7":1,"8":1,"9":0,"10":1,"11":1,"12":4,"13":1,"14":1,"15":1},"f":{"0":4,"1":1,"2":1,"3":1},"b":{"0":[1],"1":[0]}}
,"/Users/zxc/JS/todo_minbox/mindox/src/constants/enums.ts": {"path":"/Users/zxc/JS/todo_minbox/mindox/src/constants/enums.ts","statementMap":{"0":{"start":{"line":14,"column":0},"end":{"line":14,"column":null}},"1":{"start":{"line":15,"column":2},"end":{"line":15,"column":null}},"2":{"start":{"line":16,"column":2},"end":{"line":16,"column":null}},"3":{"start":{"line":24,"column":0},"end":{"line":24,"column":null}},"4":{"start":{"line":25,"column":2},"end":{"line":25,"column":null}},"5":{"start":{"line":26,"column":2},"end":{"line":26,"column":null}},"6":{"start":{"line":27,"column":2},"end":{"line":27,"column":null}}},"fnMap":{"0":{"name":"(anonymous_0)","decl":{"start":{"line":14,"column":0},"end":{"line":14,"column":12}},"loc":{"start":{"line":14,"column":22},"end":{"line":17,"column":1}}},"1":{"name":"(anonymous_1)","decl":{"start":{"line":24,"column":0},"end":{"line":24,"column":12}},"loc":{"start":{"line":24,"column":31},"end":{"line":28,"column":1}}}},"branchMap":{"0":{"loc":{"start":{"line":14,"column":12},"end":{"line":14,"column":null}},"type":"binary-expr","locations":[{"start":{"line":14,"column":12},"end":{"line":14,"column":22}},{"start":{"line":14,"column":12},"end":{"line":14,"column":null}}]},"1":{"loc":{"start":{"line":24,"column":12},"end":{"line":24,"column":null}},"type":"binary-expr","locations":[{"start":{"line":24,"column":12},"end":{"line":24,"column":31}},{"start":{"line":24,"column":12},"end":{"line":24,"column":null}}]}},"s":{"0":1,"1":1,"2":1,"3":1,"4":1,"5":1,"6":1},"f":{"0":1,"1":1},"b":{"0":[1,1],"1":[1,1]}}
,"/Users/zxc/JS/todo_minbox/mindox/src/constants/index.ts": {"path":"/Users/zxc/JS/todo_minbox/mindox/src/constants/index.ts","statementMap":{"0":{"start":{"line":1,"column":0},"end":{"line":1,"column":24}}},"fnMap":{},"branchMap":{},"s":{"0":1},"f":{},"b":{}}
,"/Users/zxc/JS/todo_minbox/mindox/src/reducers/index.ts": {"path":"/Users/zxc/JS/todo_minbox/mindox/src/reducers/index.ts","statementMap":{"0":{"start":{"line":1,"column":0},"end":{"line":1,"column":42}}},"fnMap":{},"branchMap":{},"s":{"0":1},"f":{},"b":{}}
,"/Users/zxc/JS/todo_minbox/mindox/src/reducers/TodoReducer/TodoReducer.ts": {"path":"/Users/zxc/JS/todo_minbox/mindox/src/reducers/TodoReducer/TodoReducer.ts","statementMap":{"0":{"start":{"line":1,"column":0},"end":{"line":1,"column":63}},"1":{"start":{"line":2,"column":0},"end":{"line":2,"column":34}},"2":{"start":{"line":3,"column":0},"end":{"line":3,"column":68}},"3":{"start":{"line":5,"column":27},"end":{"line":51,"column":1}},"4":{"start":{"line":9,"column":2},"end":{"line":50,"column":null}},"5":{"start":{"line":11,"column":6},"end":{"line":20,"column":8}},"6":{"start":{"line":23,"column":19},"end":{"line":23,"column":37}},"7":{"start":{"line":24,"column":27},"end":{"line":25,"column":null}},"8":{"start":{"line":25,"column":18},"end":{"line":25,"column":null}},"9":{"start":{"line":27,"column":6},"end":{"line":30,"column":10}},"10":{"start":{"line":28,"column":8},"end":{"line":30,"column":10}},"11":{"start":{"line":31,"column":6},"end":{"line":31,"column":50}},"12":{"start":{"line":32,"column":27},"end":{"line":34,"column":8}},"13":{"start":{"line":33,"column":8},"end":{"line":33,"column":67}},"14":{"start":{"line":35,"column":6},"end":{"line":37,"column":8}},"15":{"start":{"line":40,"column":16},"end":{"line":40,"column":34}},"16":{"start":{"line":41,"column":27},"end":{"line":42,"column":null}},"17":{"start":{"line":42,"column":18},"end":{"line":42,"column":null}},"18":{"start":{"line":44,"column":6},"end":{"line":46,"column":8}},"19":{"start":{"line":49,"column":6},"end":{"line":49,"column":19}},"20":{"start":{"line":5,"column":13},"end":{"line":5,"column":27}}},"fnMap":{"0":{"name":"(anonymous_2)","decl":{"start":{"line":5,"column":27},"end":{"line":5,"column":null}},"loc":{"start":{"line":7,"column":21},"end":{"line":51,"column":1}}},"1":{"name":"(anonymous_3)","decl":{"start":{"line":25,"column":8},"end":{"line":25,"column":9}},"loc":{"start":{"line":25,"column":13},"end":{"line":25,"column":22}}},"2":{"name":"(anonymous_4)","decl":{"start":{"line":32,"column":39},"end":{"line":32,"column":40}},"loc":{"start":{"line":32,"column":44},"end":{"line":34,"column":7}}},"3":{"name":"(anonymous_5)","decl":{"start":{"line":42,"column":8},"end":{"line":42,"column":9}},"loc":{"start":{"line":42,"column":13},"end":{"line":42,"column":22}}}},"branchMap":{"0":{"loc":{"start":{"line":9,"column":2},"end":{"line":50,"column":null}},"type":"switch","locations":[{"start":{"line":10,"column":4},"end":{"line":21,"column":null}},{"start":{"line":22,"column":4},"end":{"line":38,"column":null}},{"start":{"line":39,"column":4},"end":{"line":47,"column":null}},{"start":{"line":48,"column":4},"end":{"line":49,"column":19}}]},"1":{"loc":{"start":{"line":27,"column":6},"end":{"line":30,"column":10}},"type":"if","locations":[{"start":{"line":27,"column":6},"end":{"line":30,"column":10}}]},"2":{"loc":{"start":{"line":33,"column":15},"end":{"line":33,"column":66}},"type":"cond-expr","locations":[{"start":{"line":33,"column":47},"end":{"line":33,"column":59}},{"start":{"line":33,"column":62},"end":{"line":33,"column":66}}]}},"s":{"0":1,"1":1,"2":1,"3":1,"4":4,"5":1,"6":1,"7":1,"8":1,"9":1,"10":0,"11":1,"12":1,"13":1,"14":1,"15":1,"16":1,"17":2,"18":1,"19":0,"20":1},"f":{"0":4,"1":1,"2":1,"3":2},"b":{"0":[1,1,1,0],"1":[0],"2":[1,0]}}
}
